<?xml version="1.0" encoding="UTF-8"?>
<robot generator="Robot 4.1.2 (Python 3.9.1 on win32)" generated="20211215 13:43:10.093" rpa="false" schemaversion="2">
<suite id="s1" name="wpLogIn" source="C:\Users\katar\Desktop\Tieto_robot\tests\wpLogIn.robot">
<test id="s1-t1" name="User log in with valid Credentials">
<kw name="begin web test" type="SETUP">
<kw name="Open Browser" library="SeleniumLibrary">
<arg>${URL}</arg>
<arg>${BROWSER}</arg>
<doc>Opens a new browser instance to the optional ``url``.</doc>
<msg timestamp="20211215 13:43:10.346" level="INFO">Opening browser 'chrome' to base url 'https://poczta.wp.pl'.</msg>
<status status="PASS" starttime="20211215 13:43:10.346" endtime="20211215 13:43:13.644"/>
</kw>
<status status="PASS" starttime="20211215 13:43:10.346" endtime="20211215 13:43:13.645"/>
</kw>
<kw name="assert wp Mail - login site">
<kw name="Title Should Be" library="SeleniumLibrary">
<arg>Poczta - Najlepsza Poczta, największe załączniki - WP</arg>
<doc>Verifies that the current page title equals ``title``.</doc>
<msg timestamp="20211215 13:43:13.652" level="INFO">Page title is 'Poczta - Najlepsza Poczta, największe załączniki - WP'.</msg>
<status status="PASS" starttime="20211215 13:43:13.646" endtime="20211215 13:43:13.652"/>
</kw>
<status status="PASS" starttime="20211215 13:43:13.645" endtime="20211215 13:43:13.653"/>
</kw>
<kw name="input valid username/email">
<kw name="Input Text" library="SeleniumLibrary">
<arg>xpath = //*[@id="login"]</arg>
<arg>${validUsername}</arg>
<doc>Types the given ``text`` into the text field identified by ``locator``.</doc>
<msg timestamp="20211215 13:43:13.655" level="INFO">Typing text '1anna1_zi@wp.pl' into text field 'xpath = //*[@id="login"]'.</msg>
<status status="PASS" starttime="20211215 13:43:13.655" endtime="20211215 13:43:13.820"/>
</kw>
<status status="PASS" starttime="20211215 13:43:13.653" endtime="20211215 13:43:13.820"/>
</kw>
<kw name="input valid password">
<kw name="Input Password" library="SeleniumLibrary">
<arg>xpath = //*[@id="password"]</arg>
<arg>${validPassword}</arg>
<doc>Types the given password into the text field identified by ``locator``.</doc>
<msg timestamp="20211215 13:43:13.823" level="INFO">Typing password into text field 'xpath = //*[@id="password"]'.</msg>
<msg timestamp="20211215 13:43:13.872" level="INFO">Temporally setting log level to: NONE</msg>
<msg timestamp="20211215 13:43:13.934" level="INFO">Log level changed from NONE to INFO.</msg>
<status status="PASS" starttime="20211215 13:43:13.822" endtime="20211215 13:43:13.934"/>
</kw>
<status status="PASS" starttime="20211215 13:43:13.821" endtime="20211215 13:43:13.934"/>
</kw>
<kw name="click on 'zaloguj się' button">
<kw name="Click Button" library="SeleniumLibrary">
<arg>xpath=//*[@id="stgMain"]/div/div/div[1]/form/button</arg>
<doc>Clicks the button identified by ``locator``.</doc>
<msg timestamp="20211215 13:43:13.936" level="INFO">Clicking button 'xpath=//*[@id="stgMain"]/div/div/div[1]/form/button'.</msg>
<status status="PASS" starttime="20211215 13:43:13.936" endtime="20211215 13:43:15.920"/>
</kw>
<status status="PASS" starttime="20211215 13:43:13.935" endtime="20211215 13:43:15.920"/>
</kw>
<kw name="assert valid - check if user is on proper site">
<kw name="Page Should Contain" library="SeleniumLibrary">
<arg>Odebrane</arg>
<doc>Verifies that current page contains ``text``.</doc>
<msg timestamp="20211215 13:43:15.971" level="INFO">Current page contains text 'Odebrane'.</msg>
<status status="PASS" starttime="20211215 13:43:15.922" endtime="20211215 13:43:15.971"/>
</kw>
<status status="PASS" starttime="20211215 13:43:15.921" endtime="20211215 13:43:15.971"/>
</kw>
<kw name="end web test" type="TEARDOWN">
<kw name="Close Browser" library="SeleniumLibrary">
<doc>Closes the current browser.</doc>
<status status="PASS" starttime="20211215 13:43:15.975" endtime="20211215 13:43:18.103"/>
</kw>
<status status="PASS" starttime="20211215 13:43:15.973" endtime="20211215 13:43:18.103"/>
</kw>
<status status="PASS" starttime="20211215 13:43:10.345" endtime="20211215 13:43:18.104"/>
</test>
<test id="s1-t2" name="User try to log in with invalid username">
<kw name="begin web test" type="SETUP">
<kw name="Open Browser" library="SeleniumLibrary">
<arg>${URL}</arg>
<arg>${BROWSER}</arg>
<doc>Opens a new browser instance to the optional ``url``.</doc>
<msg timestamp="20211215 13:43:18.112" level="INFO">Opening browser 'chrome' to base url 'https://poczta.wp.pl'.</msg>
<status status="PASS" starttime="20211215 13:43:18.111" endtime="20211215 13:43:21.584"/>
</kw>
<status status="PASS" starttime="20211215 13:43:18.110" endtime="20211215 13:43:21.585"/>
</kw>
<kw name="assert wp Mail - login site">
<kw name="Title Should Be" library="SeleniumLibrary">
<arg>Poczta - Najlepsza Poczta, największe załączniki - WP</arg>
<doc>Verifies that the current page title equals ``title``.</doc>
<msg timestamp="20211215 13:43:21.603" level="INFO">Page title is 'Poczta - Najlepsza Poczta, największe załączniki - WP'.</msg>
<status status="PASS" starttime="20211215 13:43:21.587" endtime="20211215 13:43:21.604"/>
</kw>
<status status="PASS" starttime="20211215 13:43:21.586" endtime="20211215 13:43:21.605"/>
</kw>
<kw name="input invalid username/email">
<kw name="Input Text" library="SeleniumLibrary">
<arg>xpath = //*[@id="login"]</arg>
<arg>${invalidUsername}</arg>
<doc>Types the given ``text`` into the text field identified by ``locator``.</doc>
<msg timestamp="20211215 13:43:21.608" level="INFO">Typing text 'xxxxx@wp.pl' into text field 'xpath = //*[@id="login"]'.</msg>
<status status="PASS" starttime="20211215 13:43:21.607" endtime="20211215 13:43:21.775"/>
</kw>
<status status="PASS" starttime="20211215 13:43:21.606" endtime="20211215 13:43:21.775"/>
</kw>
<kw name="input valid password">
<kw name="Input Password" library="SeleniumLibrary">
<arg>xpath = //*[@id="password"]</arg>
<arg>${validPassword}</arg>
<doc>Types the given password into the text field identified by ``locator``.</doc>
<msg timestamp="20211215 13:43:21.776" level="INFO">Typing password into text field 'xpath = //*[@id="password"]'.</msg>
<msg timestamp="20211215 13:43:21.847" level="INFO">Temporally setting log level to: NONE</msg>
<msg timestamp="20211215 13:43:21.924" level="INFO">Log level changed from NONE to INFO.</msg>
<status status="PASS" starttime="20211215 13:43:21.776" endtime="20211215 13:43:21.924"/>
</kw>
<status status="PASS" starttime="20211215 13:43:21.776" endtime="20211215 13:43:21.924"/>
</kw>
<kw name="click on 'zaloguj się' button">
<kw name="Click Button" library="SeleniumLibrary">
<arg>xpath=//*[@id="stgMain"]/div/div/div[1]/form/button</arg>
<doc>Clicks the button identified by ``locator``.</doc>
<msg timestamp="20211215 13:43:21.926" level="INFO">Clicking button 'xpath=//*[@id="stgMain"]/div/div/div[1]/form/button'.</msg>
<status status="PASS" starttime="20211215 13:43:21.925" endtime="20211215 13:43:22.966"/>
</kw>
<status status="PASS" starttime="20211215 13:43:21.925" endtime="20211215 13:43:22.967"/>
</kw>
<kw name="assert invalid">
<kw name="Page Should Contain" library="SeleniumLibrary">
<arg>Podany login i/lub hasło są nieprawidłowe.</arg>
<doc>Verifies that current page contains ``text``.</doc>
<msg timestamp="20211215 13:43:23.017" level="INFO">Current page contains text 'Podany login i/lub hasło są nieprawidłowe.'.</msg>
<status status="PASS" starttime="20211215 13:43:22.970" endtime="20211215 13:43:23.017"/>
</kw>
<status status="PASS" starttime="20211215 13:43:22.968" endtime="20211215 13:43:23.018"/>
</kw>
<kw name="end web test" type="TEARDOWN">
<kw name="Close Browser" library="SeleniumLibrary">
<doc>Closes the current browser.</doc>
<status status="PASS" starttime="20211215 13:43:23.021" endtime="20211215 13:43:25.154"/>
</kw>
<status status="PASS" starttime="20211215 13:43:23.020" endtime="20211215 13:43:25.154"/>
</kw>
<status status="PASS" starttime="20211215 13:43:18.108" endtime="20211215 13:43:25.155"/>
</test>
<test id="s1-t3" name="User try to log in with invalid password">
<kw name="begin web test" type="SETUP">
<kw name="Open Browser" library="SeleniumLibrary">
<arg>${URL}</arg>
<arg>${BROWSER}</arg>
<doc>Opens a new browser instance to the optional ``url``.</doc>
<msg timestamp="20211215 13:43:25.162" level="INFO">Opening browser 'chrome' to base url 'https://poczta.wp.pl'.</msg>
<status status="PASS" starttime="20211215 13:43:25.161" endtime="20211215 13:43:28.623"/>
</kw>
<status status="PASS" starttime="20211215 13:43:25.160" endtime="20211215 13:43:28.624"/>
</kw>
<kw name="assert wp Mail - login site">
<kw name="Title Should Be" library="SeleniumLibrary">
<arg>Poczta - Najlepsza Poczta, największe załączniki - WP</arg>
<doc>Verifies that the current page title equals ``title``.</doc>
<msg timestamp="20211215 13:43:28.642" level="INFO">Page title is 'Poczta - Najlepsza Poczta, największe załączniki - WP'.</msg>
<status status="PASS" starttime="20211215 13:43:28.627" endtime="20211215 13:43:28.642"/>
</kw>
<status status="PASS" starttime="20211215 13:43:28.626" endtime="20211215 13:43:28.643"/>
</kw>
<kw name="input valid username/email">
<kw name="Input Text" library="SeleniumLibrary">
<arg>xpath = //*[@id="login"]</arg>
<arg>${validUsername}</arg>
<doc>Types the given ``text`` into the text field identified by ``locator``.</doc>
<msg timestamp="20211215 13:43:28.648" level="INFO">Typing text '1anna1_zi@wp.pl' into text field 'xpath = //*[@id="login"]'.</msg>
<status status="PASS" starttime="20211215 13:43:28.646" endtime="20211215 13:43:28.827"/>
</kw>
<status status="PASS" starttime="20211215 13:43:28.644" endtime="20211215 13:43:28.827"/>
</kw>
<kw name="input invalid password">
<kw name="Input Password" library="SeleniumLibrary">
<arg>xpath = //*[@id="password"]</arg>
<arg>${invalidPassword}</arg>
<doc>Types the given password into the text field identified by ``locator``.</doc>
<msg timestamp="20211215 13:43:28.828" level="INFO">Typing password into text field 'xpath = //*[@id="password"]'.</msg>
<msg timestamp="20211215 13:43:28.866" level="INFO">Temporally setting log level to: NONE</msg>
<msg timestamp="20211215 13:43:28.914" level="INFO">Log level changed from NONE to INFO.</msg>
<status status="PASS" starttime="20211215 13:43:28.828" endtime="20211215 13:43:28.914"/>
</kw>
<status status="PASS" starttime="20211215 13:43:28.827" endtime="20211215 13:43:28.914"/>
</kw>
<kw name="click on 'zaloguj się' button">
<kw name="Click Button" library="SeleniumLibrary">
<arg>xpath=//*[@id="stgMain"]/div/div/div[1]/form/button</arg>
<doc>Clicks the button identified by ``locator``.</doc>
<msg timestamp="20211215 13:43:28.915" level="INFO">Clicking button 'xpath=//*[@id="stgMain"]/div/div/div[1]/form/button'.</msg>
<status status="PASS" starttime="20211215 13:43:28.915" endtime="20211215 13:43:30.637"/>
</kw>
<status status="PASS" starttime="20211215 13:43:28.915" endtime="20211215 13:43:30.638"/>
</kw>
<kw name="assert invalid">
<kw name="Page Should Contain" library="SeleniumLibrary">
<arg>Podany login i/lub hasło są nieprawidłowe.</arg>
<doc>Verifies that current page contains ``text``.</doc>
<msg timestamp="20211215 13:43:30.684" level="INFO">Current page contains text 'Podany login i/lub hasło są nieprawidłowe.'.</msg>
<status status="PASS" starttime="20211215 13:43:30.640" endtime="20211215 13:43:30.684"/>
</kw>
<status status="PASS" starttime="20211215 13:43:30.639" endtime="20211215 13:43:30.685"/>
</kw>
<kw name="end web test" type="TEARDOWN">
<kw name="Close Browser" library="SeleniumLibrary">
<doc>Closes the current browser.</doc>
<status status="PASS" starttime="20211215 13:43:30.688" endtime="20211215 13:43:32.824"/>
</kw>
<status status="PASS" starttime="20211215 13:43:30.687" endtime="20211215 13:43:32.825"/>
</kw>
<status status="PASS" starttime="20211215 13:43:25.158" endtime="20211215 13:43:32.826"/>
</test>
<test id="s1-t4" name="User try to log in with invalid password and invalid username">
<kw name="begin web test" type="SETUP">
<kw name="Open Browser" library="SeleniumLibrary">
<arg>${URL}</arg>
<arg>${BROWSER}</arg>
<doc>Opens a new browser instance to the optional ``url``.</doc>
<msg timestamp="20211215 13:43:32.834" level="INFO">Opening browser 'chrome' to base url 'https://poczta.wp.pl'.</msg>
<status status="PASS" starttime="20211215 13:43:32.833" endtime="20211215 13:43:36.157"/>
</kw>
<status status="PASS" starttime="20211215 13:43:32.832" endtime="20211215 13:43:36.158"/>
</kw>
<kw name="assert wp Mail - login site">
<kw name="Title Should Be" library="SeleniumLibrary">
<arg>Poczta - Najlepsza Poczta, największe załączniki - WP</arg>
<doc>Verifies that the current page title equals ``title``.</doc>
<msg timestamp="20211215 13:43:36.175" level="INFO">Page title is 'Poczta - Najlepsza Poczta, największe załączniki - WP'.</msg>
<status status="PASS" starttime="20211215 13:43:36.161" endtime="20211215 13:43:36.175"/>
</kw>
<status status="PASS" starttime="20211215 13:43:36.159" endtime="20211215 13:43:36.176"/>
</kw>
<kw name="input invalid username/email">
<kw name="Input Text" library="SeleniumLibrary">
<arg>xpath = //*[@id="login"]</arg>
<arg>${invalidUsername}</arg>
<doc>Types the given ``text`` into the text field identified by ``locator``.</doc>
<msg timestamp="20211215 13:43:36.179" level="INFO">Typing text 'xxxxx@wp.pl' into text field 'xpath = //*[@id="login"]'.</msg>
<status status="PASS" starttime="20211215 13:43:36.178" endtime="20211215 13:43:36.343"/>
</kw>
<status status="PASS" starttime="20211215 13:43:36.177" endtime="20211215 13:43:36.343"/>
</kw>
<kw name="input invalid password">
<kw name="Input Password" library="SeleniumLibrary">
<arg>xpath = //*[@id="password"]</arg>
<arg>${invalidPassword}</arg>
<doc>Types the given password into the text field identified by ``locator``.</doc>
<msg timestamp="20211215 13:43:36.344" level="INFO">Typing password into text field 'xpath = //*[@id="password"]'.</msg>
<msg timestamp="20211215 13:43:36.394" level="INFO">Temporally setting log level to: NONE</msg>
<msg timestamp="20211215 13:43:36.472" level="INFO">Log level changed from NONE to INFO.</msg>
<status status="PASS" starttime="20211215 13:43:36.344" endtime="20211215 13:43:36.472"/>
</kw>
<status status="PASS" starttime="20211215 13:43:36.343" endtime="20211215 13:43:36.472"/>
</kw>
<kw name="click on 'zaloguj się' button">
<kw name="Click Button" library="SeleniumLibrary">
<arg>xpath=//*[@id="stgMain"]/div/div/div[1]/form/button</arg>
<doc>Clicks the button identified by ``locator``.</doc>
<msg timestamp="20211215 13:43:36.474" level="INFO">Clicking button 'xpath=//*[@id="stgMain"]/div/div/div[1]/form/button'.</msg>
<status status="PASS" starttime="20211215 13:43:36.474" endtime="20211215 13:43:37.608"/>
</kw>
<status status="PASS" starttime="20211215 13:43:36.473" endtime="20211215 13:43:37.608"/>
</kw>
<kw name="assert invalid">
<kw name="Page Should Contain" library="SeleniumLibrary">
<arg>Podany login i/lub hasło są nieprawidłowe.</arg>
<doc>Verifies that current page contains ``text``.</doc>
<msg timestamp="20211215 13:43:37.655" level="INFO">Current page contains text 'Podany login i/lub hasło są nieprawidłowe.'.</msg>
<status status="PASS" starttime="20211215 13:43:37.610" endtime="20211215 13:43:37.656"/>
</kw>
<status status="PASS" starttime="20211215 13:43:37.609" endtime="20211215 13:43:37.656"/>
</kw>
<kw name="end web test" type="TEARDOWN">
<kw name="Close Browser" library="SeleniumLibrary">
<doc>Closes the current browser.</doc>
<status status="PASS" starttime="20211215 13:43:37.660" endtime="20211215 13:43:39.780"/>
</kw>
<status status="PASS" starttime="20211215 13:43:37.658" endtime="20211215 13:43:39.781"/>
</kw>
<status status="PASS" starttime="20211215 13:43:32.830" endtime="20211215 13:43:39.782"/>
</test>
<test id="s1-t5" name="User try to log in with leaving username field empty">
<kw name="begin web test" type="SETUP">
<kw name="Open Browser" library="SeleniumLibrary">
<arg>${URL}</arg>
<arg>${BROWSER}</arg>
<doc>Opens a new browser instance to the optional ``url``.</doc>
<msg timestamp="20211215 13:43:39.790" level="INFO">Opening browser 'chrome' to base url 'https://poczta.wp.pl'.</msg>
<status status="PASS" starttime="20211215 13:43:39.789" endtime="20211215 13:43:43.261"/>
</kw>
<status status="PASS" starttime="20211215 13:43:39.788" endtime="20211215 13:43:43.261"/>
</kw>
<kw name="assert wp Mail - login site">
<kw name="Title Should Be" library="SeleniumLibrary">
<arg>Poczta - Najlepsza Poczta, największe załączniki - WP</arg>
<doc>Verifies that the current page title equals ``title``.</doc>
<msg timestamp="20211215 13:43:43.278" level="INFO">Page title is 'Poczta - Najlepsza Poczta, największe załączniki - WP'.</msg>
<status status="PASS" starttime="20211215 13:43:43.265" endtime="20211215 13:43:43.278"/>
</kw>
<status status="PASS" starttime="20211215 13:43:43.263" endtime="20211215 13:43:43.279"/>
</kw>
<kw name="input empty username/email field">
<kw name="Input Text" library="SeleniumLibrary">
<arg>xpath = //*[@id="login"]</arg>
<arg>${emptyUserName}</arg>
<doc>Types the given ``text`` into the text field identified by ``locator``.</doc>
<msg timestamp="20211215 13:43:43.284" level="INFO">Typing text '' into text field 'xpath = //*[@id="login"]'.</msg>
<status status="PASS" starttime="20211215 13:43:43.282" endtime="20211215 13:43:43.462"/>
</kw>
<status status="PASS" starttime="20211215 13:43:43.281" endtime="20211215 13:43:43.463"/>
</kw>
<kw name="input valid password">
<kw name="Input Password" library="SeleniumLibrary">
<arg>xpath = //*[@id="password"]</arg>
<arg>${validPassword}</arg>
<doc>Types the given password into the text field identified by ``locator``.</doc>
<msg timestamp="20211215 13:43:43.465" level="INFO">Typing password into text field 'xpath = //*[@id="password"]'.</msg>
<msg timestamp="20211215 13:43:43.536" level="INFO">Temporally setting log level to: NONE</msg>
<msg timestamp="20211215 13:43:43.618" level="INFO">Log level changed from NONE to INFO.</msg>
<status status="PASS" starttime="20211215 13:43:43.464" endtime="20211215 13:43:43.618"/>
</kw>
<status status="PASS" starttime="20211215 13:43:43.464" endtime="20211215 13:43:43.618"/>
</kw>
<kw name="click on 'zaloguj się' button">
<kw name="Click Button" library="SeleniumLibrary">
<arg>xpath=//*[@id="stgMain"]/div/div/div[1]/form/button</arg>
<doc>Clicks the button identified by ``locator``.</doc>
<msg timestamp="20211215 13:43:43.620" level="INFO">Clicking button 'xpath=//*[@id="stgMain"]/div/div/div[1]/form/button'.</msg>
<status status="PASS" starttime="20211215 13:43:43.620" endtime="20211215 13:43:43.719"/>
</kw>
<status status="PASS" starttime="20211215 13:43:43.618" endtime="20211215 13:43:43.719"/>
</kw>
<kw name="assert wp Mail - login site">
<kw name="Title Should Be" library="SeleniumLibrary">
<arg>Poczta - Najlepsza Poczta, największe załączniki - WP</arg>
<doc>Verifies that the current page title equals ``title``.</doc>
<msg timestamp="20211215 13:43:43.731" level="INFO">Page title is 'Poczta - Najlepsza Poczta, największe załączniki - WP'.</msg>
<status status="PASS" starttime="20211215 13:43:43.720" endtime="20211215 13:43:43.731"/>
</kw>
<status status="PASS" starttime="20211215 13:43:43.720" endtime="20211215 13:43:43.732"/>
</kw>
<kw name="end web test" type="TEARDOWN">
<kw name="Close Browser" library="SeleniumLibrary">
<doc>Closes the current browser.</doc>
<status status="PASS" starttime="20211215 13:43:43.732" endtime="20211215 13:43:45.817"/>
</kw>
<status status="PASS" starttime="20211215 13:43:43.732" endtime="20211215 13:43:45.817"/>
</kw>
<status status="PASS" starttime="20211215 13:43:39.786" endtime="20211215 13:43:45.818"/>
</test>
<test id="s1-t6" name="User try to log in with leaving password field empty">
<kw name="begin web test" type="SETUP">
<kw name="Open Browser" library="SeleniumLibrary">
<arg>${URL}</arg>
<arg>${BROWSER}</arg>
<doc>Opens a new browser instance to the optional ``url``.</doc>
<msg timestamp="20211215 13:43:45.826" level="INFO">Opening browser 'chrome' to base url 'https://poczta.wp.pl'.</msg>
<status status="PASS" starttime="20211215 13:43:45.825" endtime="20211215 13:43:49.168"/>
</kw>
<status status="PASS" starttime="20211215 13:43:45.824" endtime="20211215 13:43:49.169"/>
</kw>
<kw name="assert wp Mail - login site">
<kw name="Title Should Be" library="SeleniumLibrary">
<arg>Poczta - Najlepsza Poczta, największe załączniki - WP</arg>
<doc>Verifies that the current page title equals ``title``.</doc>
<msg timestamp="20211215 13:43:49.185" level="INFO">Page title is 'Poczta - Najlepsza Poczta, największe załączniki - WP'.</msg>
<status status="PASS" starttime="20211215 13:43:49.172" endtime="20211215 13:43:49.185"/>
</kw>
<status status="PASS" starttime="20211215 13:43:49.170" endtime="20211215 13:43:49.186"/>
</kw>
<kw name="input valid username/email">
<kw name="Input Text" library="SeleniumLibrary">
<arg>xpath = //*[@id="login"]</arg>
<arg>${validUsername}</arg>
<doc>Types the given ``text`` into the text field identified by ``locator``.</doc>
<msg timestamp="20211215 13:43:49.189" level="INFO">Typing text '1anna1_zi@wp.pl' into text field 'xpath = //*[@id="login"]'.</msg>
<status status="PASS" starttime="20211215 13:43:49.188" endtime="20211215 13:43:49.352"/>
</kw>
<status status="PASS" starttime="20211215 13:43:49.187" endtime="20211215 13:43:49.353"/>
</kw>
<kw name="input empty password field">
<kw name="Input Password" library="SeleniumLibrary">
<arg>xpath = //*[@id="password"]</arg>
<arg>${emptyUserPassword}</arg>
<doc>Types the given password into the text field identified by ``locator``.</doc>
<msg timestamp="20211215 13:43:49.354" level="INFO">Typing password into text field 'xpath = //*[@id="password"]'.</msg>
<msg timestamp="20211215 13:43:49.417" level="INFO">Temporally setting log level to: NONE</msg>
<msg timestamp="20211215 13:43:49.479" level="INFO">Log level changed from NONE to INFO.</msg>
<status status="PASS" starttime="20211215 13:43:49.353" endtime="20211215 13:43:49.479"/>
</kw>
<status status="PASS" starttime="20211215 13:43:49.353" endtime="20211215 13:43:49.479"/>
</kw>
<kw name="click on 'zaloguj się' button">
<kw name="Click Button" library="SeleniumLibrary">
<arg>xpath=//*[@id="stgMain"]/div/div/div[1]/form/button</arg>
<doc>Clicks the button identified by ``locator``.</doc>
<msg timestamp="20211215 13:43:49.481" level="INFO">Clicking button 'xpath=//*[@id="stgMain"]/div/div/div[1]/form/button'.</msg>
<status status="PASS" starttime="20211215 13:43:49.480" endtime="20211215 13:43:49.590"/>
</kw>
<status status="PASS" starttime="20211215 13:43:49.480" endtime="20211215 13:43:49.591"/>
</kw>
<kw name="assert wp Mail - login site">
<kw name="Title Should Be" library="SeleniumLibrary">
<arg>Poczta - Najlepsza Poczta, największe załączniki - WP</arg>
<doc>Verifies that the current page title equals ``title``.</doc>
<msg timestamp="20211215 13:43:49.599" level="INFO">Page title is 'Poczta - Najlepsza Poczta, największe załączniki - WP'.</msg>
<status status="PASS" starttime="20211215 13:43:49.592" endtime="20211215 13:43:49.599"/>
</kw>
<status status="PASS" starttime="20211215 13:43:49.592" endtime="20211215 13:43:49.600"/>
</kw>
<kw name="end web test" type="TEARDOWN">
<kw name="Close Browser" library="SeleniumLibrary">
<doc>Closes the current browser.</doc>
<status status="PASS" starttime="20211215 13:43:49.601" endtime="20211215 13:43:51.712"/>
</kw>
<status status="PASS" starttime="20211215 13:43:49.600" endtime="20211215 13:43:51.712"/>
</kw>
<status status="PASS" starttime="20211215 13:43:45.822" endtime="20211215 13:43:51.714"/>
</test>
<test id="s1-t7" name="User try to log in with leaving both fields-username and password- empty">
<kw name="begin web test" type="SETUP">
<kw name="Open Browser" library="SeleniumLibrary">
<arg>${URL}</arg>
<arg>${BROWSER}</arg>
<doc>Opens a new browser instance to the optional ``url``.</doc>
<msg timestamp="20211215 13:43:51.721" level="INFO">Opening browser 'chrome' to base url 'https://poczta.wp.pl'.</msg>
<status status="PASS" starttime="20211215 13:43:51.720" endtime="20211215 13:43:55.364"/>
</kw>
<status status="PASS" starttime="20211215 13:43:51.719" endtime="20211215 13:43:55.365"/>
</kw>
<kw name="assert wp Mail - login site">
<kw name="Title Should Be" library="SeleniumLibrary">
<arg>Poczta - Najlepsza Poczta, największe załączniki - WP</arg>
<doc>Verifies that the current page title equals ``title``.</doc>
<msg timestamp="20211215 13:43:55.381" level="INFO">Page title is 'Poczta - Najlepsza Poczta, największe załączniki - WP'.</msg>
<status status="PASS" starttime="20211215 13:43:55.368" endtime="20211215 13:43:55.381"/>
</kw>
<status status="PASS" starttime="20211215 13:43:55.367" endtime="20211215 13:43:55.382"/>
</kw>
<kw name="input empty username/email field">
<kw name="Input Text" library="SeleniumLibrary">
<arg>xpath = //*[@id="login"]</arg>
<arg>${emptyUserName}</arg>
<doc>Types the given ``text`` into the text field identified by ``locator``.</doc>
<msg timestamp="20211215 13:43:55.385" level="INFO">Typing text '' into text field 'xpath = //*[@id="login"]'.</msg>
<status status="PASS" starttime="20211215 13:43:55.384" endtime="20211215 13:43:55.569"/>
</kw>
<status status="PASS" starttime="20211215 13:43:55.383" endtime="20211215 13:43:55.570"/>
</kw>
<kw name="input empty password field">
<kw name="Input Password" library="SeleniumLibrary">
<arg>xpath = //*[@id="password"]</arg>
<arg>${emptyUserPassword}</arg>
<doc>Types the given password into the text field identified by ``locator``.</doc>
<msg timestamp="20211215 13:43:55.573" level="INFO">Typing password into text field 'xpath = //*[@id="password"]'.</msg>
<msg timestamp="20211215 13:43:55.635" level="INFO">Temporally setting log level to: NONE</msg>
<msg timestamp="20211215 13:43:55.697" level="INFO">Log level changed from NONE to INFO.</msg>
<status status="PASS" starttime="20211215 13:43:55.572" endtime="20211215 13:43:55.697"/>
</kw>
<status status="PASS" starttime="20211215 13:43:55.571" endtime="20211215 13:43:55.698"/>
</kw>
<kw name="click on 'zaloguj się' button">
<kw name="Click Button" library="SeleniumLibrary">
<arg>xpath=//*[@id="stgMain"]/div/div/div[1]/form/button</arg>
<doc>Clicks the button identified by ``locator``.</doc>
<msg timestamp="20211215 13:43:55.700" level="INFO">Clicking button 'xpath=//*[@id="stgMain"]/div/div/div[1]/form/button'.</msg>
<status status="PASS" starttime="20211215 13:43:55.700" endtime="20211215 13:43:55.809"/>
</kw>
<status status="PASS" starttime="20211215 13:43:55.699" endtime="20211215 13:43:55.809"/>
</kw>
<kw name="assert wp Mail - login site">
<kw name="Title Should Be" library="SeleniumLibrary">
<arg>Poczta - Najlepsza Poczta, największe załączniki - WP</arg>
<doc>Verifies that the current page title equals ``title``.</doc>
<msg timestamp="20211215 13:43:55.821" level="INFO">Page title is 'Poczta - Najlepsza Poczta, największe załączniki - WP'.</msg>
<status status="PASS" starttime="20211215 13:43:55.811" endtime="20211215 13:43:55.821"/>
</kw>
<status status="PASS" starttime="20211215 13:43:55.810" endtime="20211215 13:43:55.821"/>
</kw>
<kw name="end web test" type="TEARDOWN">
<kw name="Close Browser" library="SeleniumLibrary">
<doc>Closes the current browser.</doc>
<status status="PASS" starttime="20211215 13:43:55.823" endtime="20211215 13:43:57.926"/>
</kw>
<status status="PASS" starttime="20211215 13:43:55.822" endtime="20211215 13:43:57.926"/>
</kw>
<status status="PASS" starttime="20211215 13:43:51.717" endtime="20211215 13:43:57.927"/>
</test>
<test id="s1-t8" name="User try to log in with valid username written in capital letters">
<kw name="begin web test" type="SETUP">
<kw name="Open Browser" library="SeleniumLibrary">
<arg>${URL}</arg>
<arg>${BROWSER}</arg>
<doc>Opens a new browser instance to the optional ``url``.</doc>
<msg timestamp="20211215 13:43:57.934" level="INFO">Opening browser 'chrome' to base url 'https://poczta.wp.pl'.</msg>
<status status="PASS" starttime="20211215 13:43:57.933" endtime="20211215 13:44:01.652"/>
</kw>
<status status="PASS" starttime="20211215 13:43:57.932" endtime="20211215 13:44:01.653"/>
</kw>
<kw name="assert wp Mail - login site">
<kw name="Title Should Be" library="SeleniumLibrary">
<arg>Poczta - Najlepsza Poczta, największe załączniki - WP</arg>
<doc>Verifies that the current page title equals ``title``.</doc>
<msg timestamp="20211215 13:44:01.668" level="INFO">Page title is 'Poczta - Najlepsza Poczta, największe załączniki - WP'.</msg>
<status status="PASS" starttime="20211215 13:44:01.655" endtime="20211215 13:44:01.668"/>
</kw>
<status status="PASS" starttime="20211215 13:44:01.654" endtime="20211215 13:44:01.669"/>
</kw>
<kw name="input valid username/email uppercase">
<kw name="Input Text" library="SeleniumLibrary">
<arg>xpath = //*[@id="login"]</arg>
<arg>${validUsernameUpper}</arg>
<doc>Types the given ``text`` into the text field identified by ``locator``.</doc>
<msg timestamp="20211215 13:44:01.671" level="INFO">Typing text '1ANNA1_ZI@WP.PL' into text field 'xpath = //*[@id="login"]'.</msg>
<status status="PASS" starttime="20211215 13:44:01.670" endtime="20211215 13:44:01.855"/>
</kw>
<status status="PASS" starttime="20211215 13:44:01.670" endtime="20211215 13:44:01.855"/>
</kw>
<kw name="input valid password">
<kw name="Input Password" library="SeleniumLibrary">
<arg>xpath = //*[@id="password"]</arg>
<arg>${validPassword}</arg>
<doc>Types the given password into the text field identified by ``locator``.</doc>
<msg timestamp="20211215 13:44:01.857" level="INFO">Typing password into text field 'xpath = //*[@id="password"]'.</msg>
<msg timestamp="20211215 13:44:01.908" level="INFO">Temporally setting log level to: NONE</msg>
<msg timestamp="20211215 13:44:01.987" level="INFO">Log level changed from NONE to INFO.</msg>
<status status="PASS" starttime="20211215 13:44:01.856" endtime="20211215 13:44:01.987"/>
</kw>
<status status="PASS" starttime="20211215 13:44:01.856" endtime="20211215 13:44:01.987"/>
</kw>
<kw name="click on 'zaloguj się' button">
<kw name="Click Button" library="SeleniumLibrary">
<arg>xpath=//*[@id="stgMain"]/div/div/div[1]/form/button</arg>
<doc>Clicks the button identified by ``locator``.</doc>
<msg timestamp="20211215 13:44:01.988" level="INFO">Clicking button 'xpath=//*[@id="stgMain"]/div/div/div[1]/form/button'.</msg>
<status status="PASS" starttime="20211215 13:44:01.988" endtime="20211215 13:44:04.524"/>
</kw>
<status status="PASS" starttime="20211215 13:44:01.987" endtime="20211215 13:44:04.524"/>
</kw>
<kw name="assert valid - check if user is on proper site">
<kw name="Page Should Contain" library="SeleniumLibrary">
<arg>Odebrane</arg>
<doc>Verifies that current page contains ``text``.</doc>
<msg timestamp="20211215 13:44:04.561" level="INFO">Current page contains text 'Odebrane'.</msg>
<status status="PASS" starttime="20211215 13:44:04.527" endtime="20211215 13:44:04.561"/>
</kw>
<status status="PASS" starttime="20211215 13:44:04.526" endtime="20211215 13:44:04.562"/>
</kw>
<kw name="end web test" type="TEARDOWN">
<kw name="Close Browser" library="SeleniumLibrary">
<doc>Closes the current browser.</doc>
<status status="PASS" starttime="20211215 13:44:04.563" endtime="20211215 13:44:06.697"/>
</kw>
<status status="PASS" starttime="20211215 13:44:04.563" endtime="20211215 13:44:06.697"/>
</kw>
<status status="PASS" starttime="20211215 13:43:57.930" endtime="20211215 13:44:06.698"/>
</test>
<test id="s1-t9" name="User try to log in with valid password written in capital letters">
<kw name="begin web test" type="SETUP">
<kw name="Open Browser" library="SeleniumLibrary">
<arg>${URL}</arg>
<arg>${BROWSER}</arg>
<doc>Opens a new browser instance to the optional ``url``.</doc>
<msg timestamp="20211215 13:44:06.702" level="INFO">Opening browser 'chrome' to base url 'https://poczta.wp.pl'.</msg>
<status status="PASS" starttime="20211215 13:44:06.702" endtime="20211215 13:44:10.263"/>
</kw>
<status status="PASS" starttime="20211215 13:44:06.701" endtime="20211215 13:44:10.264"/>
</kw>
<kw name="assert wp Mail - login site">
<kw name="Title Should Be" library="SeleniumLibrary">
<arg>Poczta - Najlepsza Poczta, największe załączniki - WP</arg>
<doc>Verifies that the current page title equals ``title``.</doc>
<msg timestamp="20211215 13:44:10.279" level="INFO">Page title is 'Poczta - Najlepsza Poczta, największe załączniki - WP'.</msg>
<status status="PASS" starttime="20211215 13:44:10.267" endtime="20211215 13:44:10.280"/>
</kw>
<status status="PASS" starttime="20211215 13:44:10.266" endtime="20211215 13:44:10.281"/>
</kw>
<kw name="input valid username/email">
<kw name="Input Text" library="SeleniumLibrary">
<arg>xpath = //*[@id="login"]</arg>
<arg>${validUsername}</arg>
<doc>Types the given ``text`` into the text field identified by ``locator``.</doc>
<msg timestamp="20211215 13:44:10.284" level="INFO">Typing text '1anna1_zi@wp.pl' into text field 'xpath = //*[@id="login"]'.</msg>
<status status="PASS" starttime="20211215 13:44:10.283" endtime="20211215 13:44:10.448"/>
</kw>
<status status="PASS" starttime="20211215 13:44:10.282" endtime="20211215 13:44:10.448"/>
</kw>
<kw name="input valid password uppercase">
<kw name="Input Password" library="SeleniumLibrary">
<arg>xpath = //*[@id="password"]</arg>
<arg>${validPasswordUpper}</arg>
<doc>Types the given password into the text field identified by ``locator``.</doc>
<msg timestamp="20211215 13:44:10.450" level="INFO">Typing password into text field 'xpath = //*[@id="password"]'.</msg>
<msg timestamp="20211215 13:44:10.524" level="INFO">Temporally setting log level to: NONE</msg>
<msg timestamp="20211215 13:44:10.607" level="INFO">Log level changed from NONE to INFO.</msg>
<status status="PASS" starttime="20211215 13:44:10.450" endtime="20211215 13:44:10.607"/>
</kw>
<status status="PASS" starttime="20211215 13:44:10.449" endtime="20211215 13:44:10.607"/>
</kw>
<kw name="click on 'zaloguj się' button">
<kw name="Click Button" library="SeleniumLibrary">
<arg>xpath=//*[@id="stgMain"]/div/div/div[1]/form/button</arg>
<doc>Clicks the button identified by ``locator``.</doc>
<msg timestamp="20211215 13:44:10.609" level="INFO">Clicking button 'xpath=//*[@id="stgMain"]/div/div/div[1]/form/button'.</msg>
<status status="PASS" starttime="20211215 13:44:10.609" endtime="20211215 13:44:12.635"/>
</kw>
<status status="PASS" starttime="20211215 13:44:10.608" endtime="20211215 13:44:12.635"/>
</kw>
<kw name="assert invalid">
<kw name="Page Should Contain" library="SeleniumLibrary">
<arg>Podany login i/lub hasło są nieprawidłowe.</arg>
<doc>Verifies that current page contains ``text``.</doc>
<msg timestamp="20211215 13:44:12.664" level="INFO">Current page contains text 'Podany login i/lub hasło są nieprawidłowe.'.</msg>
<status status="PASS" starttime="20211215 13:44:12.637" endtime="20211215 13:44:12.664"/>
</kw>
<status status="PASS" starttime="20211215 13:44:12.636" endtime="20211215 13:44:12.665"/>
</kw>
<kw name="end web test" type="TEARDOWN">
<kw name="Close Browser" library="SeleniumLibrary">
<doc>Closes the current browser.</doc>
<status status="PASS" starttime="20211215 13:44:12.666" endtime="20211215 13:44:14.767"/>
</kw>
<status status="PASS" starttime="20211215 13:44:12.666" endtime="20211215 13:44:14.768"/>
</kw>
<status status="PASS" starttime="20211215 13:44:06.700" endtime="20211215 13:44:14.769"/>
</test>
<doc>Log in to user’s email account</doc>
<status status="PASS" starttime="20211215 13:43:10.096" endtime="20211215 13:44:14.774"/>
</suite>
<statistics>
<total>
<stat pass="9" fail="0" skip="0">All Tests</stat>
</total>
<tag>
</tag>
<suite>
<stat pass="9" fail="0" skip="0" id="s1" name="wpLogIn">wpLogIn</stat>
</suite>
</statistics>
<errors>
</errors>
</robot>
